execve("./a.out", ["./a.out"], 0x7ffceef42760 /* 40 vars */) = 0
brk(NULL)                               = 0x5605b87bd000
arch_prctl(0x3001 /* ARCH_??? */, 0x7ffe683b91a0) = -1 EINVAL (Invalid argument)
mmap(NULL, 8192, PROT_READ|PROT_WRITE, MAP_PRIVATE|MAP_ANONYMOUS, -1, 0) = 0x7f24d1cb9000
access("/etc/ld.so.preload", R_OK)      = -1 ENOENT (No such file or directory)
openat(AT_FDCWD, "/home/zean/systemc-2.3.3/lib-linux64/tls/haswell/avx512_1/x86_64/libpthread.so.0", O_RDONLY|O_CLOEXEC) = -1 ENOENT (No such file or directory)
stat("/home/zean/systemc-2.3.3/lib-linux64/tls/haswell/avx512_1/x86_64", 0x7ffe683b83f0) = -1 ENOENT (No such file or directory)
openat(AT_FDCWD, "/home/zean/systemc-2.3.3/lib-linux64/tls/haswell/avx512_1/libpthread.so.0", O_RDONLY|O_CLOEXEC) = -1 ENOENT (No such file or directory)
stat("/home/zean/systemc-2.3.3/lib-linux64/tls/haswell/avx512_1", 0x7ffe683b83f0) = -1 ENOENT (No such file or directory)
openat(AT_FDCWD, "/home/zean/systemc-2.3.3/lib-linux64/tls/haswell/x86_64/libpthread.so.0", O_RDONLY|O_CLOEXEC) = -1 ENOENT (No such file or directory)
stat("/home/zean/systemc-2.3.3/lib-linux64/tls/haswell/x86_64", 0x7ffe683b83f0) = -1 ENOENT (No such file or directory)
openat(AT_FDCWD, "/home/zean/systemc-2.3.3/lib-linux64/tls/haswell/libpthread.so.0", O_RDONLY|O_CLOEXEC) = -1 ENOENT (No such file or directory)
stat("/home/zean/systemc-2.3.3/lib-linux64/tls/haswell", 0x7ffe683b83f0) = -1 ENOENT (No such file or directory)
openat(AT_FDCWD, "/home/zean/systemc-2.3.3/lib-linux64/tls/avx512_1/x86_64/libpthread.so.0", O_RDONLY|O_CLOEXEC) = -1 ENOENT (No such file or directory)
stat("/home/zean/systemc-2.3.3/lib-linux64/tls/avx512_1/x86_64", 0x7ffe683b83f0) = -1 ENOENT (No such file or directory)
openat(AT_FDCWD, "/home/zean/systemc-2.3.3/lib-linux64/tls/avx512_1/libpthread.so.0", O_RDONLY|O_CLOEXEC) = -1 ENOENT (No such file or directory)
stat("/home/zean/systemc-2.3.3/lib-linux64/tls/avx512_1", 0x7ffe683b83f0) = -1 ENOENT (No such file or directory)
openat(AT_FDCWD, "/home/zean/systemc-2.3.3/lib-linux64/tls/x86_64/libpthread.so.0", O_RDONLY|O_CLOEXEC) = -1 ENOENT (No such file or directory)
stat("/home/zean/systemc-2.3.3/lib-linux64/tls/x86_64", 0x7ffe683b83f0) = -1 ENOENT (No such file or directory)
openat(AT_FDCWD, "/home/zean/systemc-2.3.3/lib-linux64/tls/libpthread.so.0", O_RDONLY|O_CLOEXEC) = -1 ENOENT (No such file or directory)
stat("/home/zean/systemc-2.3.3/lib-linux64/tls", 0x7ffe683b83f0) = -1 ENOENT (No such file or directory)
openat(AT_FDCWD, "/home/zean/systemc-2.3.3/lib-linux64/haswell/avx512_1/x86_64/libpthread.so.0", O_RDONLY|O_CLOEXEC) = -1 ENOENT (No such file or directory)
stat("/home/zean/systemc-2.3.3/lib-linux64/haswell/avx512_1/x86_64", 0x7ffe683b83f0) = -1 ENOENT (No such file or directory)
openat(AT_FDCWD, "/home/zean/systemc-2.3.3/lib-linux64/haswell/avx512_1/libpthread.so.0", O_RDONLY|O_CLOEXEC) = -1 ENOENT (No such file or directory)
stat("/home/zean/systemc-2.3.3/lib-linux64/haswell/avx512_1", 0x7ffe683b83f0) = -1 ENOENT (No such file or directory)
openat(AT_FDCWD, "/home/zean/systemc-2.3.3/lib-linux64/haswell/x86_64/libpthread.so.0", O_RDONLY|O_CLOEXEC) = -1 ENOENT (No such file or directory)
stat("/home/zean/systemc-2.3.3/lib-linux64/haswell/x86_64", 0x7ffe683b83f0) = -1 ENOENT (No such file or directory)
openat(AT_FDCWD, "/home/zean/systemc-2.3.3/lib-linux64/haswell/libpthread.so.0", O_RDONLY|O_CLOEXEC) = -1 ENOENT (No such file or directory)
stat("/home/zean/systemc-2.3.3/lib-linux64/haswell", 0x7ffe683b83f0) = -1 ENOENT (No such file or directory)
openat(AT_FDCWD, "/home/zean/systemc-2.3.3/lib-linux64/avx512_1/x86_64/libpthread.so.0", O_RDONLY|O_CLOEXEC) = -1 ENOENT (No such file or directory)
stat("/home/zean/systemc-2.3.3/lib-linux64/avx512_1/x86_64", 0x7ffe683b83f0) = -1 ENOENT (No such file or directory)
openat(AT_FDCWD, "/home/zean/systemc-2.3.3/lib-linux64/avx512_1/libpthread.so.0", O_RDONLY|O_CLOEXEC) = -1 ENOENT (No such file or directory)
stat("/home/zean/systemc-2.3.3/lib-linux64/avx512_1", 0x7ffe683b83f0) = -1 ENOENT (No such file or directory)
openat(AT_FDCWD, "/home/zean/systemc-2.3.3/lib-linux64/x86_64/libpthread.so.0", O_RDONLY|O_CLOEXEC) = -1 ENOENT (No such file or directory)
stat("/home/zean/systemc-2.3.3/lib-linux64/x86_64", 0x7ffe683b83f0) = -1 ENOENT (No such file or directory)
openat(AT_FDCWD, "/home/zean/systemc-2.3.3/lib-linux64/libpthread.so.0", O_RDONLY|O_CLOEXEC) = -1 ENOENT (No such file or directory)
stat("/home/zean/systemc-2.3.3/lib-linux64", {st_mode=S_IFDIR|0755, st_size=4096, ...}) = 0
openat(AT_FDCWD, "/etc/ld.so.cache", O_RDONLY|O_CLOEXEC) = 3
fstat(3, {st_mode=S_IFREG|0644, st_size=108480, ...}) = 0
mmap(NULL, 108480, PROT_READ, MAP_PRIVATE, 3, 0) = 0x7f24d1c9e000
close(3)                                = 0
openat(AT_FDCWD, "/lib/x86_64-linux-gnu/libpthread.so.0", O_RDONLY|O_CLOEXEC) = 3
read(3, "\177ELF\2\1\1\0\0\0\0\0\0\0\0\0\3\0>\0\1\0\0\0\220q\0\0\0\0\0\0"..., 832) = 832
pread64(3, "\4\0\0\0\24\0\0\0\3\0\0\0GNU\0{E6\364\34\332\245\210\204\10\350-\0106\343="..., 68, 824) = 68
fstat(3, {st_mode=S_IFREG|0755, st_size=157224, ...}) = 0
pread64(3, "\4\0\0\0\24\0\0\0\3\0\0\0GNU\0{E6\364\34\332\245\210\204\10\350-\0106\343="..., 68, 824) = 68
mmap(NULL, 140408, PROT_READ, MAP_PRIVATE|MAP_DENYWRITE, 3, 0) = 0x7f24d1c7b000
mmap(0x7f24d1c81000, 69632, PROT_READ|PROT_EXEC, MAP_PRIVATE|MAP_FIXED|MAP_DENYWRITE, 3, 0x6000) = 0x7f24d1c81000
mmap(0x7f24d1c92000, 24576, PROT_READ, MAP_PRIVATE|MAP_FIXED|MAP_DENYWRITE, 3, 0x17000) = 0x7f24d1c92000
mmap(0x7f24d1c98000, 8192, PROT_READ|PROT_WRITE, MAP_PRIVATE|MAP_FIXED|MAP_DENYWRITE, 3, 0x1c000) = 0x7f24d1c98000
mmap(0x7f24d1c9a000, 13432, PROT_READ|PROT_WRITE, MAP_PRIVATE|MAP_FIXED|MAP_ANONYMOUS, -1, 0) = 0x7f24d1c9a000
close(3)                                = 0
openat(AT_FDCWD, "/home/zean/systemc-2.3.3/lib-linux64/libc.so.6", O_RDONLY|O_CLOEXEC) = -1 ENOENT (No such file or directory)
openat(AT_FDCWD, "/lib/x86_64-linux-gnu/libc.so.6", O_RDONLY|O_CLOEXEC) = 3
read(3, "\177ELF\2\1\1\3\0\0\0\0\0\0\0\0\3\0>\0\1\0\0\0\300A\2\0\0\0\0\0"..., 832) = 832
pread64(3, "\6\0\0\0\4\0\0\0@\0\0\0\0\0\0\0@\0\0\0\0\0\0\0@\0\0\0\0\0\0\0"..., 784, 64) = 784
pread64(3, "\4\0\0\0\20\0\0\0\5\0\0\0GNU\0\2\0\0\300\4\0\0\0\3\0\0\0\0\0\0\0", 32, 848) = 32
pread64(3, "\4\0\0\0\24\0\0\0\3\0\0\0GNU\0\30x\346\264ur\f|Q\226\236i\253-'o"..., 68, 880) = 68
fstat(3, {st_mode=S_IFREG|0755, st_size=2029592, ...}) = 0
pread64(3, "\6\0\0\0\4\0\0\0@\0\0\0\0\0\0\0@\0\0\0\0\0\0\0@\0\0\0\0\0\0\0"..., 784, 64) = 784
pread64(3, "\4\0\0\0\20\0\0\0\5\0\0\0GNU\0\2\0\0\300\4\0\0\0\3\0\0\0\0\0\0\0", 32, 848) = 32
pread64(3, "\4\0\0\0\24\0\0\0\3\0\0\0GNU\0\30x\346\264ur\f|Q\226\236i\253-'o"..., 68, 880) = 68
mmap(NULL, 2037344, PROT_READ, MAP_PRIVATE|MAP_DENYWRITE, 3, 0) = 0x7f24d1a89000
mmap(0x7f24d1aab000, 1540096, PROT_READ|PROT_EXEC, MAP_PRIVATE|MAP_FIXED|MAP_DENYWRITE, 3, 0x22000) = 0x7f24d1aab000
mmap(0x7f24d1c23000, 319488, PROT_READ, MAP_PRIVATE|MAP_FIXED|MAP_DENYWRITE, 3, 0x19a000) = 0x7f24d1c23000
mmap(0x7f24d1c71000, 24576, PROT_READ|PROT_WRITE, MAP_PRIVATE|MAP_FIXED|MAP_DENYWRITE, 3, 0x1e7000) = 0x7f24d1c71000
mmap(0x7f24d1c77000, 13920, PROT_READ|PROT_WRITE, MAP_PRIVATE|MAP_FIXED|MAP_ANONYMOUS, -1, 0) = 0x7f24d1c77000
close(3)                                = 0
mmap(NULL, 12288, PROT_READ|PROT_WRITE, MAP_PRIVATE|MAP_ANONYMOUS, -1, 0) = 0x7f24d1a86000
arch_prctl(ARCH_SET_FS, 0x7f24d1a86740) = 0
mprotect(0x7f24d1c71000, 16384, PROT_READ) = 0
mprotect(0x7f24d1c98000, 4096, PROT_READ) = 0
mprotect(0x5605b6b30000, 4096, PROT_READ) = 0
mprotect(0x7f24d1ce8000, 4096, PROT_READ) = 0
munmap(0x7f24d1c9e000, 108480)          = 0
set_tid_address(0x7f24d1a86a10)         = 3860353
set_robust_list(0x7f24d1a86a20, 24)     = 0
rt_sigaction(SIGRTMIN, {sa_handler=0x7f24d1c81bf0, sa_mask=[], sa_flags=SA_RESTORER|SA_SIGINFO, sa_restorer=0x7f24d1c8f420}, NULL, 8) = 0
rt_sigaction(SIGRT_1, {sa_handler=0x7f24d1c81c90, sa_mask=[], sa_flags=SA_RESTORER|SA_RESTART|SA_SIGINFO, sa_restorer=0x7f24d1c8f420}, NULL, 8) = 0
rt_sigprocmask(SIG_UNBLOCK, [RTMIN RT_1], NULL, 8) = 0
prlimit64(0, RLIMIT_STACK, NULL, {rlim_cur=8192*1024, rlim_max=RLIM64_INFINITY}) = 0
mmap(NULL, 8392704, PROT_NONE, MAP_PRIVATE|MAP_ANONYMOUS|MAP_STACK, -1, 0) = 0x7f24d1285000
mprotect(0x7f24d1286000, 8388608, PROT_READ|PROT_WRITE) = 0
brk(NULL)                               = 0x5605b87bd000
brk(0x5605b87de000)                     = 0x5605b87de000
clone(child_stack=0x7f24d1a84fb0, flags=CLONE_VM|CLONE_FS|CLONE_FILES|CLONE_SIGHAND|CLONE_THREAD|CLONE_SYSVSEM|CLONE_SETTLS|CLONE_PARENT_SETTID|CLONE_CHILD_CLEARTID, parent_tid=[3860354], tls=0x7f24d1a85700, child_tidptr=0x7f24d1a859d0) = 3860354
mmap(NULL, 8392704, PROT_NONE, MAP_PRIVATE|MAP_ANONYMOUS|MAP_STACK, -1, 0) = 0x7f24d0a84000
mprotect(0x7f24d0a85000, 8388608, PROT_READ|PROT_WRITE) = 0
clone(child_stack=0x7f24d1283fb0, flags=CLONE_VM|CLONE_FS|CLONE_FILES|CLONE_SIGHAND|CLONE_THREAD|CLONE_SYSVSEM|CLONE_SETTLS|CLONE_PARENT_SETTID|CLONE_CHILD_CLEARTID, parent_tid=[3860355], tls=0x7f24d1284700, child_tidptr=0x7f24d12849d0) = 3860355
futex(0x7f24d12849d0, FUTEX_WAIT, 3860355, NULL) = 0
exit_group(0)                           = ?
+++ exited with 0 +++
